HyPar - Parallel (MPI) version with 8 processes
Compiled with PETSc time integration.
-- Sparse Grids Simulation --
Sparse grids inputs:
  log2 of minimum grid size:  3
  interpolation order:  6
  write sparse grids solutions?  no
Allocated full grid simulation object(s).
Reading solver inputs from file "solver.inp".
  No. of dimensions                          : 2
  No. of variables                           : 4
  Domain size                                : 128 128 
  Processes along each dimension             : 4 2 
  No. of ghosts pts                          : 3
  No. of iter.                               : 400
  Restart iteration                          : 0
  Time integration scheme                    : rk (44)
  Spatial discretization scheme (hyperbolic) : cupw5
  Split hyperbolic flux term?                : no
  Interpolation type for hyperbolic term     : components
  Spatial discretization type   (parabolic ) : nonconservative-2stage
  Spatial discretization scheme (parabolic ) : 4
  Time Step                                  : 2.500000E-03
  Check for conservation                     : no
  Screen output iterations                   : 10
  File output iterations                     : 40
  Initial solution file type                 : binary
  Initial solution read mode                 : serial
  Solution file write mode                   : serial
  Solution file format                       : tecplot2d
  Overwrite solution file                    : no
  Physical model                             : navierstokes2d
Processor distribution for full grid object:    4   2
Initializing sparse grids...
  Number of spatial dimensions: 2
  Computing sparse grids dimensions...
  Number of sparse grid domains in combination technique: 9
  Computing processor decompositions...
Sparse Grids: Combination technique grids sizes and coefficients are:-
    0: dim = (  128     8 ),  coeff = +1.00e+00, iproc = (    8     1 )
    1: dim = (   64    16 ),  coeff = +1.00e+00, iproc = (    8     1 )
    2: dim = (   32    32 ),  coeff = +1.00e+00, iproc = (    4     2 )
    3: dim = (   16    64 ),  coeff = +1.00e+00, iproc = (    1     8 )
    4: dim = (    8   128 ),  coeff = +1.00e+00, iproc = (    1     8 )
    5: dim = (   64     8 ),  coeff = -1.00e+00, iproc = (    8     1 )
    6: dim = (   32    16 ),  coeff = -1.00e+00, iproc = (    4     2 )
    7: dim = (   16    32 ),  coeff = -1.00e+00, iproc = (    2     4 )
    8: dim = (    8    64 ),  coeff = -1.00e+00, iproc = (    1     8 )
Allocating data arrays for full grid.
Partitioning domain and allocating data arrays.
Reading array from binary file initial.inp (Serial mode).
Volume integral of the initial solution:
 0:  1.0000000000000000E+00
 1:  1.0000000000000000E+00
 2:  1.0000000000000000E+00
 3:  2.7857142857142900E+00
Interpolating grid coordinates to sparse grids domain 0.
Interpolating grid coordinates to sparse grids domain 1.
Interpolating grid coordinates to sparse grids domain 2.
Interpolating grid coordinates to sparse grids domain 3.
Interpolating grid coordinates to sparse grids domain 4.
Interpolating grid coordinates to sparse grids domain 5.
Interpolating grid coordinates to sparse grids domain 6.
Interpolating grid coordinates to sparse grids domain 7.
Interpolating grid coordinates to sparse grids domain 8.
Domain 0: Reading boundary conditions from boundary.inp.
  Boundary                       periodic:  Along dimension  0 and face +1
  Boundary                       periodic:  Along dimension  0 and face -1
  Boundary                       periodic:  Along dimension  1 and face +1
  Boundary                       periodic:  Along dimension  1 and face -1
4 boundary condition(s) read.
Domain 1: Reading boundary conditions from boundary.inp.
  Boundary                       periodic:  Along dimension  0 and face +1
  Boundary                       periodic:  Along dimension  0 and face -1
  Boundary                       periodic:  Along dimension  1 and face +1
  Boundary                       periodic:  Along dimension  1 and face -1
4 boundary condition(s) read.
Domain 2: Reading boundary conditions from boundary.inp.
  Boundary                       periodic:  Along dimension  0 and face +1
  Boundary                       periodic:  Along dimension  0 and face -1
  Boundary                       periodic:  Along dimension  1 and face +1
  Boundary                       periodic:  Along dimension  1 and face -1
4 boundary condition(s) read.
Domain 3: Reading boundary conditions from boundary.inp.
  Boundary                       periodic:  Along dimension  0 and face +1
  Boundary                       periodic:  Along dimension  0 and face -1
  Boundary                       periodic:  Along dimension  1 and face +1
  Boundary                       periodic:  Along dimension  1 and face -1
4 boundary condition(s) read.
Domain 4: Reading boundary conditions from boundary.inp.
  Boundary                       periodic:  Along dimension  0 and face +1
  Boundary                       periodic:  Along dimension  0 and face -1
  Boundary                       periodic:  Along dimension  1 and face +1
  Boundary                       periodic:  Along dimension  1 and face -1
4 boundary condition(s) read.
Domain 5: Reading boundary conditions from boundary.inp.
  Boundary                       periodic:  Along dimension  0 and face +1
  Boundary                       periodic:  Along dimension  0 and face -1
  Boundary                       periodic:  Along dimension  1 and face +1
  Boundary                       periodic:  Along dimension  1 and face -1
4 boundary condition(s) read.
Domain 6: Reading boundary conditions from boundary.inp.
  Boundary                       periodic:  Along dimension  0 and face +1
  Boundary                       periodic:  Along dimension  0 and face -1
  Boundary                       periodic:  Along dimension  1 and face +1
  Boundary                       periodic:  Along dimension  1 and face -1
4 boundary condition(s) read.
Domain 7: Reading boundary conditions from boundary.inp.
  Boundary                       periodic:  Along dimension  0 and face +1
  Boundary                       periodic:  Along dimension  0 and face -1
  Boundary                       periodic:  Along dimension  1 and face +1
  Boundary                       periodic:  Along dimension  1 and face -1
4 boundary condition(s) read.
Domain 8: Reading boundary conditions from boundary.inp.
  Boundary                       periodic:  Along dimension  0 and face +1
  Boundary                       periodic:  Along dimension  0 and face -1
  Boundary                       periodic:  Along dimension  1 and face +1
  Boundary                       periodic:  Along dimension  1 and face -1
4 boundary condition(s) read.
Initializing solvers.
Initializing physics. Model = "navierstokes2d"
Reading physical model inputs from file "physics.inp".
Interpolating initial solution to sparse grids domain 0.
  Volume integral of the initial solution on sparse grids domain 0:
     0:  1.0000000000000000E+00
     1:  1.0000000000000000E+00
     2:  1.0000000000000000E+00
     3:  2.7857142857142865E+00
Interpolating initial solution to sparse grids domain 1.
  Volume integral of the initial solution on sparse grids domain 1:
     0:  1.0000000000000000E+00
     1:  1.0000000000000000E+00
     2:  1.0000000000000000E+00
     3:  2.7857142857142865E+00
Interpolating initial solution to sparse grids domain 2.
  Volume integral of the initial solution on sparse grids domain 2:
     0:  9.9999999999999989E-01
     1:  9.9999999999999989E-01
     2:  9.9999999999999989E-01
     3:  2.7857142857142865E+00
Interpolating initial solution to sparse grids domain 3.
  Volume integral of the initial solution on sparse grids domain 3:
     0:  1.0000000000000000E+00
     1:  1.0000000000000000E+00
     2:  1.0000000000000000E+00
     3:  2.7857142857142865E+00
Interpolating initial solution to sparse grids domain 4.
  Volume integral of the initial solution on sparse grids domain 4:
     0:  1.0000000000000000E+00
     1:  1.0000000000000000E+00
     2:  1.0000000000000000E+00
     3:  2.7857142857142865E+00
Interpolating initial solution to sparse grids domain 5.
  Volume integral of the initial solution on sparse grids domain 5:
     0:  1.0000000000000000E+00
     1:  1.0000000000000000E+00
     2:  1.0000000000000000E+00
     3:  2.7857142857142865E+00
Interpolating initial solution to sparse grids domain 6.
  Volume integral of the initial solution on sparse grids domain 6:
     0:  1.0000000000000000E+00
     1:  1.0000000000000000E+00
     2:  1.0000000000000000E+00
     3:  2.7857142857142865E+00
Interpolating initial solution to sparse grids domain 7.
  Volume integral of the initial solution on sparse grids domain 7:
     0:  1.0000000000000000E+00
     1:  1.0000000000000000E+00
     2:  1.0000000000000000E+00
     3:  2.7857142857142865E+00
Interpolating initial solution to sparse grids domain 8.
  Volume integral of the initial solution on sparse grids domain 8:
     0:  1.0000000000000000E+00
     1:  1.0000000000000000E+00
     2:  1.0000000000000000E+00
     3:  2.7857142857142856E+00
Setting up time integration.
Solving in time (from 0 to 400 iterations)
Writing solution file op_fg_00000.dat.
--
Iteration:      10,  Time: 2.500e-02
  Max CFL: 3.284E-01,  Max Diff. No.: -1.000E+00,    Norm: 2.2212E-03
--

--
Iteration:      20,  Time: 5.000e-02
  Max CFL: 3.286E-01,  Max Diff. No.: -1.000E+00,    Norm: 2.2211E-03
--

--
Iteration:      30,  Time: 7.500e-02
  Max CFL: 3.286E-01,  Max Diff. No.: -1.000E+00,    Norm: 2.2209E-03
--

--
Iteration:      40,  Time: 1.000e-01
  Max CFL: 3.284E-01,  Max Diff. No.: -1.000E+00,    Norm: 2.2208E-03
--

Writing solution file op_fg_00001.dat.
--
Iteration:      50,  Time: 1.250e-01
  Max CFL: 3.280E-01,  Max Diff. No.: -1.000E+00,    Norm: 2.2207E-03
--

--
Iteration:      60,  Time: 1.500e-01
  Max CFL: 3.284E-01,  Max Diff. No.: -1.000E+00,    Norm: 2.2206E-03
--

--
Iteration:      70,  Time: 1.750e-01
  Max CFL: 3.286E-01,  Max Diff. No.: -1.000E+00,    Norm: 2.2204E-03
--

--
Iteration:      80,  Time: 2.000e-01
  Max CFL: 3.286E-01,  Max Diff. No.: -1.000E+00,    Norm: 2.2203E-03
--

Writing solution file op_fg_00002.dat.
--
Iteration:      90,  Time: 2.250e-01
  Max CFL: 3.284E-01,  Max Diff. No.: -1.000E+00,    Norm: 2.2202E-03
--

--
Iteration:     100,  Time: 2.500e-01
  Max CFL: 3.280E-01,  Max Diff. No.: -1.000E+00,    Norm: 2.2200E-03
--

--
Iteration:     110,  Time: 2.750e-01
  Max CFL: 3.284E-01,  Max Diff. No.: -1.000E+00,    Norm: 2.2199E-03
--

--
Iteration:     120,  Time: 3.000e-01
  Max CFL: 3.286E-01,  Max Diff. No.: -1.000E+00,    Norm: 2.2197E-03
--

Writing solution file op_fg_00003.dat.
--
Iteration:     130,  Time: 3.250e-01
  Max CFL: 3.286E-01,  Max Diff. No.: -1.000E+00,    Norm: 2.2196E-03
--

--
Iteration:     140,  Time: 3.500e-01
  Max CFL: 3.284E-01,  Max Diff. No.: -1.000E+00,    Norm: 2.2195E-03
--

--
Iteration:     150,  Time: 3.750e-01
  Max CFL: 3.280E-01,  Max Diff. No.: -1.000E+00,    Norm: 2.2193E-03
--

--
Iteration:     160,  Time: 4.000e-01
  Max CFL: 3.284E-01,  Max Diff. No.: -1.000E+00,    Norm: 2.2192E-03
--

Writing solution file op_fg_00004.dat.
--
Iteration:     170,  Time: 4.250e-01
  Max CFL: 3.286E-01,  Max Diff. No.: -1.000E+00,    Norm: 2.2190E-03
--

--
Iteration:     180,  Time: 4.500e-01
  Max CFL: 3.286E-01,  Max Diff. No.: -1.000E+00,    Norm: 2.2189E-03
--

--
Iteration:     190,  Time: 4.750e-01
  Max CFL: 3.284E-01,  Max Diff. No.: -1.000E+00,    Norm: 2.2188E-03
--

--
Iteration:     200,  Time: 5.000e-01
  Max CFL: 3.280E-01,  Max Diff. No.: -1.000E+00,    Norm: 2.2186E-03
--

Writing solution file op_fg_00005.dat.
--
Iteration:     210,  Time: 5.250e-01
  Max CFL: 3.284E-01,  Max Diff. No.: -1.000E+00,    Norm: 2.2185E-03
--

--
Iteration:     220,  Time: 5.500e-01
  Max CFL: 3.286E-01,  Max Diff. No.: -1.000E+00,    Norm: 2.2184E-03
--

--
Iteration:     230,  Time: 5.750e-01
  Max CFL: 3.286E-01,  Max Diff. No.: -1.000E+00,    Norm: 2.2182E-03
--

--
Iteration:     240,  Time: 6.000e-01
  Max CFL: 3.284E-01,  Max Diff. No.: -1.000E+00,    Norm: 2.2181E-03
--

Writing solution file op_fg_00006.dat.
--
Iteration:     250,  Time: 6.250e-01
  Max CFL: 3.279E-01,  Max Diff. No.: -1.000E+00,    Norm: 2.2179E-03
--

--
Iteration:     260,  Time: 6.500e-01
  Max CFL: 3.284E-01,  Max Diff. No.: -1.000E+00,    Norm: 2.2178E-03
--

--
Iteration:     270,  Time: 6.750e-01
  Max CFL: 3.286E-01,  Max Diff. No.: -1.000E+00,    Norm: 2.2177E-03
--

--
Iteration:     280,  Time: 7.000e-01
  Max CFL: 3.286E-01,  Max Diff. No.: -1.000E+00,    Norm: 2.2175E-03
--

Writing solution file op_fg_00007.dat.
--
Iteration:     290,  Time: 7.250e-01
  Max CFL: 3.284E-01,  Max Diff. No.: -1.000E+00,    Norm: 2.2174E-03
--

--
Iteration:     300,  Time: 7.500e-01
  Max CFL: 3.279E-01,  Max Diff. No.: -1.000E+00,    Norm: 2.2173E-03
--

--
Iteration:     310,  Time: 7.750e-01
  Max CFL: 3.284E-01,  Max Diff. No.: -1.000E+00,    Norm: 2.2171E-03
--

--
Iteration:     320,  Time: 8.000e-01
  Max CFL: 3.286E-01,  Max Diff. No.: -1.000E+00,    Norm: 2.2170E-03
--

Writing solution file op_fg_00008.dat.
--
Iteration:     330,  Time: 8.250e-01
  Max CFL: 3.286E-01,  Max Diff. No.: -1.000E+00,    Norm: 2.2168E-03
--

--
Iteration:     340,  Time: 8.500e-01
  Max CFL: 3.283E-01,  Max Diff. No.: -1.000E+00,    Norm: 2.2167E-03
--

--
Iteration:     350,  Time: 8.750e-01
  Max CFL: 3.279E-01,  Max Diff. No.: -1.000E+00,    Norm: 2.2166E-03
--

--
Iteration:     360,  Time: 9.000e-01
  Max CFL: 3.284E-01,  Max Diff. No.: -1.000E+00,    Norm: 2.2164E-03
--

Writing solution file op_fg_00009.dat.
--
Iteration:     370,  Time: 9.250e-01
  Max CFL: 3.286E-01,  Max Diff. No.: -1.000E+00,    Norm: 2.2163E-03
--

--
Iteration:     380,  Time: 9.500e-01
  Max CFL: 3.286E-01,  Max Diff. No.: -1.000E+00,    Norm: 2.2161E-03
--

--
Iteration:     390,  Time: 9.750e-01
  Max CFL: 3.283E-01,  Max Diff. No.: -1.000E+00,    Norm: 2.2160E-03
--

--
Iteration:     400,  Time: 1.000e+00
  Max CFL: 3.280E-01,  Max Diff. No.: -1.000E+00,    Norm: 2.2159E-03
--

Writing solution file op_fg_00010.dat.
Completed time integration (Final time: 1.000000).

Reading array from binary file exact.inp (Serial mode).
Computed errors for full grid solution:
  L1   Error: 2.2655211257995592E-09
  L2   Error: 2.2222058428741524E-09
  Linf Error: 1.9613330541637245E-09
Solver runtime (in seconds): 6.7374190000000000E+00
Total  runtime (in seconds): 6.8081639999999997E+00
Deallocating arrays.
Finished.
