HyPar - Parallel (MPI) version with 64 processes
Allocated simulation object(s).
Reading solver inputs from file "solver.inp".
  No. of dimensions                          : 3
  No. of variables                           : 5
  Domain size                                : 256 256 256 
  Processes along each dimension             : 4 4 4 
  Exact solution domain size                 : 256 256 256 
  No. of ghosts pts                          : 3
  No. of iter.                               : 1000
  Restart iteration                          : 0
  Time integration scheme                    : rk (ssprk3)
  Spatial discretization scheme (hyperbolic) : weno5
  Split hyperbolic flux term?                : no
  Interpolation type for hyperbolic term     : components
  Spatial discretization type   (parabolic ) : nonconservative-2stage
  Spatial discretization scheme (parabolic ) : 4
  Time Step                                  : 5.000000E-03
  Check for conservation                     : no
  Screen output iterations                   : 50
  File output iterations                     : 100
  Initial solution file type                 : binary
  Initial solution read mode                 : serial
  Solution file write mode                   : serial
  Solution file format                       : binary
  Overwrite solution file                    : no
  Use GPU                                    : yes
  GPU device no                              : 0
  Physical model                             : navierstokes3d
Partitioning domain and allocating data arrays.
Reading array from binary file initial.inp (Serial mode).
Volume integral of the initial solution:
 0:  2.4805021344162057E+02
 1:  3.6748382115092681E-14
 2:  5.6732396558345499E-14
 3:  3.9412917374193057E-14
 4:  4.7643358853329369E+02
Reading boundary conditions from boundary.inp.
  Boundary                       periodic:  Along dimension  0 and face +1
  Boundary                       periodic:  Along dimension  0 and face -1
  Boundary                       periodic:  Along dimension  1 and face +1
  Boundary                       periodic:  Along dimension  1 and face -1
  Boundary                       periodic:  Along dimension  2 and face +1
  Boundary                       periodic:  Along dimension  2 and face -1
6 boundary condition(s) read.
Initializing solvers.
Reading WENO parameters from weno.inp.
Initializing physics. Model = "navierstokes3d"
Reading physical model inputs from file "physics.inp".
Setting up time integration.
Solving in time (from 0 to 1000 iterations)
Writing solution file op_00000.bin.
iter=     50  t=2.500E-01  wctime: 8.3E-02 (s)  
iter=    100  t=5.000E-01  wctime: 8.2E-02 (s)  
Writing solution file op_00001.bin.
iter=    150  t=7.500E-01  wctime: 8.2E-02 (s)  
iter=    200  t=1.000E+00  wctime: 8.3E-02 (s)  
Writing solution file op_00002.bin.
iter=    250  t=1.250E+00  wctime: 8.3E-02 (s)  
iter=    300  t=1.500E+00  wctime: 8.3E-02 (s)  
Writing solution file op_00003.bin.
iter=    350  t=1.750E+00  wctime: 8.2E-02 (s)  
iter=    400  t=2.000E+00  wctime: 8.2E-02 (s)  
Writing solution file op_00004.bin.
iter=    450  t=2.250E+00  wctime: 8.2E-02 (s)  
iter=    500  t=2.500E+00  wctime: 8.2E-02 (s)  
Writing solution file op_00005.bin.
iter=    550  t=2.750E+00  wctime: 8.3E-02 (s)  
iter=    600  t=3.000E+00  wctime: 8.2E-02 (s)  
Writing solution file op_00006.bin.
iter=    650  t=3.250E+00  wctime: 8.2E-02 (s)  
iter=    700  t=3.500E+00  wctime: 8.3E-02 (s)  
Writing solution file op_00007.bin.
iter=    750  t=3.750E+00  wctime: 8.3E-02 (s)  
iter=    800  t=4.000E+00  wctime: 8.3E-02 (s)  
Writing solution file op_00008.bin.
iter=    850  t=4.250E+00  wctime: 8.2E-02 (s)  
iter=    900  t=4.500E+00  wctime: 8.2E-02 (s)  
Writing solution file op_00009.bin.
iter=    950  t=4.750E+00  wctime: 8.3E-02 (s)  
iter=   1000  t=5.000E+00  wctime: 8.2E-02 (s)  
Completed time integration (Final time: 5.000000), total wctime: 82.421372 (seconds).
Writing solution file op_00010.bin.
Solver runtime (in seconds): 9.5411868999999996E+01
Total  runtime (in seconds): 1.0222746800000000E+02
Deallocating arrays.
Finished.
