HyPar - Parallel (MPI) version with 16 processes
Compiled with PETSc time integration.
Allocated simulation object(s).
Reading solver inputs from file "solver.inp".
  No. of dimensions                          : 2
  No. of variables                           : 4
  Domain size                                : 64 64 
  Processes along each dimension             : 4 4 
  Exact solution domain size                 : 64 64 
  No. of ghosts pts                          : 3
  No. of iter.                               : 800
  Restart iteration                          : 0
  Time integration scheme                    : rk (ssprk3)
  Spatial discretization scheme (hyperbolic) : crweno5
  Split hyperbolic flux term?                : no
  Interpolation type for hyperbolic term     : components
  Spatial discretization type   (parabolic ) : nonconservative-2stage
  Spatial discretization scheme (parabolic ) : 4
  Time Step                                  : 2.500000E-02
  Check for conservation                     : yes
  Screen output iterations                   : 20
  File output iterations                     : 40
  Initial solution file type                 : binary
  Initial solution read mode                 : serial
  Solution file write mode                   : serial
  Solution file format                       : binary
  Overwrite solution file                    : no
  Physical model                             : navierstokes2d
Partitioning domain and allocating data arrays.
Reading array from binary file initial.inp (Serial mode).
Volume integral of the initial solution:
 0:  9.9980704056028685E+01
 1:  4.9990352985508352E+01
 2:  -9.5749398777884853E-07
 3:  2.6245709189715654E+02
Reading boundary conditions from boundary.inp.
  Boundary                       periodic:  Along dimension  0 and face +1
  Boundary                       periodic:  Along dimension  0 and face -1
  Boundary                       periodic:  Along dimension  1 and face +1
  Boundary                       periodic:  Along dimension  1 and face -1
4 boundary condition(s) read.
Initializing solvers.
Reading WENO parameters from weno.inp.
Initializing physics. Model = "navierstokes2d"
Reading physical model inputs from file "physics.inp".
Setting up time integration.
Setting up libROM interface.
libROM inputs and parameters:
  reduced model dimensionality:  16
  sampling frequency:  1
  mode: train
  type: DMD
  save to file: true
  local vector size: 1024
libROM DMD inputs:
  number of samples per window:   2147483647
  directory name for DMD onjects: DMD
Solving in time (from 0 to 800 iterations)
Writing solution file op_00000.bin.
DMDROMObject::takeSample() - creating new DMD object, t=0.000000 (total: 1).
iter=     20  t=5.000E-01  CFL=2.819E-01  norm=3.0130E-04  wctime: 7.5E-03 (s)    cons_err=3.6443E-16
iter=     40  t=1.000E+00  CFL=2.819E-01  norm=3.0130E-04  wctime: 7.4E-03 (s)    cons_err=4.5731E-16
Writing solution file op_00001.bin.
iter=     60  t=1.500E+00  CFL=2.819E-01  norm=3.0130E-04  wctime: 7.4E-03 (s)    cons_err=4.2677E-16
iter=     80  t=2.000E+00  CFL=2.819E-01  norm=3.0130E-04  wctime: 7.3E-03 (s)    cons_err=3.8260E-16
Writing solution file op_00002.bin.
iter=    100  t=2.500E+00  CFL=2.819E-01  norm=3.0130E-04  wctime: 7.4E-03 (s)    cons_err=5.4237E-16
iter=    120  t=3.000E+00  CFL=2.819E-01  norm=3.0130E-04  wctime: 7.4E-03 (s)    cons_err=6.7929E-16
Writing solution file op_00003.bin.
iter=    140  t=3.500E+00  CFL=2.819E-01  norm=3.0130E-04  wctime: 7.3E-03 (s)    cons_err=4.5072E-16
iter=    160  t=4.000E+00  CFL=2.819E-01  norm=3.0130E-04  wctime: 7.3E-03 (s)    cons_err=4.8666E-16
Writing solution file op_00004.bin.
iter=    180  t=4.500E+00  CFL=2.819E-01  norm=3.0130E-04  wctime: 7.3E-03 (s)    cons_err=4.2941E-16
iter=    200  t=5.000E+00  CFL=2.819E-01  norm=3.0130E-04  wctime: 7.3E-03 (s)    cons_err=7.1598E-16
Writing solution file op_00005.bin.
iter=    220  t=5.500E+00  CFL=2.819E-01  norm=3.0129E-04  wctime: 7.3E-03 (s)    cons_err=5.1671E-16
iter=    240  t=6.000E+00  CFL=2.819E-01  norm=3.0129E-04  wctime: 7.3E-03 (s)    cons_err=5.6309E-16
Writing solution file op_00006.bin.
iter=    260  t=6.500E+00  CFL=2.819E-01  norm=3.0129E-04  wctime: 7.3E-03 (s)    cons_err=8.0548E-16
iter=    280  t=7.000E+00  CFL=2.819E-01  norm=3.0129E-04  wctime: 7.3E-03 (s)    cons_err=4.6018E-16
Writing solution file op_00007.bin.
iter=    300  t=7.500E+00  CFL=2.819E-01  norm=3.0129E-04  wctime: 7.3E-03 (s)    cons_err=6.5184E-16
iter=    320  t=8.000E+00  CFL=2.819E-01  norm=3.0129E-04  wctime: 7.3E-03 (s)    cons_err=7.5702E-16
Writing solution file op_00008.bin.
iter=    340  t=8.500E+00  CFL=2.819E-01  norm=3.0129E-04  wctime: 7.3E-03 (s)    cons_err=6.2308E-16
iter=    360  t=9.000E+00  CFL=2.819E-01  norm=3.0129E-04  wctime: 7.3E-03 (s)    cons_err=6.6669E-16
Writing solution file op_00009.bin.
iter=    380  t=9.500E+00  CFL=2.819E-01  norm=3.0129E-04  wctime: 7.3E-03 (s)    cons_err=5.0268E-16
iter=    400  t=1.000E+01  CFL=2.819E-01  norm=3.0129E-04  wctime: 7.3E-03 (s)    cons_err=8.3668E-16
Writing solution file op_00010.bin.
iter=    420  t=1.050E+01  CFL=2.819E-01  norm=3.0129E-04  wctime: 7.3E-03 (s)    cons_err=7.7057E-16
iter=    440  t=1.100E+01  CFL=2.819E-01  norm=3.0129E-04  wctime: 7.3E-03 (s)    cons_err=7.2270E-16
Writing solution file op_00011.bin.
iter=    460  t=1.150E+01  CFL=2.819E-01  norm=3.0129E-04  wctime: 7.3E-03 (s)    cons_err=6.4813E-16
iter=    480  t=1.200E+01  CFL=2.819E-01  norm=3.0129E-04  wctime: 7.3E-03 (s)    cons_err=7.7048E-16
Writing solution file op_00012.bin.
iter=    500  t=1.250E+01  CFL=2.819E-01  norm=3.0129E-04  wctime: 7.3E-03 (s)    cons_err=6.7747E-16
iter=    520  t=1.300E+01  CFL=2.819E-01  norm=3.0129E-04  wctime: 7.3E-03 (s)    cons_err=7.1146E-16
Writing solution file op_00013.bin.
iter=    540  t=1.350E+01  CFL=2.819E-01  norm=3.0129E-04  wctime: 7.3E-03 (s)    cons_err=7.2240E-16
iter=    560  t=1.400E+01  CFL=2.819E-01  norm=3.0129E-04  wctime: 7.3E-03 (s)    cons_err=4.3982E-16
Writing solution file op_00014.bin.
iter=    580  t=1.450E+01  CFL=2.819E-01  norm=3.0128E-04  wctime: 7.3E-03 (s)    cons_err=6.1261E-16
iter=    600  t=1.500E+01  CFL=2.819E-01  norm=3.0128E-04  wctime: 7.3E-03 (s)    cons_err=8.0060E-16
Writing solution file op_00015.bin.
iter=    620  t=1.550E+01  CFL=2.819E-01  norm=3.0128E-04  wctime: 7.3E-03 (s)    cons_err=8.1379E-16
iter=    640  t=1.600E+01  CFL=2.819E-01  norm=3.0128E-04  wctime: 7.4E-03 (s)    cons_err=1.0016E-15
Writing solution file op_00016.bin.
iter=    660  t=1.650E+01  CFL=2.819E-01  norm=3.0128E-04  wctime: 7.3E-03 (s)    cons_err=7.6872E-16
iter=    680  t=1.700E+01  CFL=2.819E-01  norm=3.0128E-04  wctime: 7.3E-03 (s)    cons_err=7.8560E-16
Writing solution file op_00017.bin.
iter=    700  t=1.750E+01  CFL=2.819E-01  norm=3.0128E-04  wctime: 7.3E-03 (s)    cons_err=4.2793E-16
iter=    720  t=1.800E+01  CFL=2.819E-01  norm=3.0128E-04  wctime: 7.4E-03 (s)    cons_err=6.7370E-16
Writing solution file op_00018.bin.
iter=    740  t=1.850E+01  CFL=2.819E-01  norm=3.0128E-04  wctime: 7.3E-03 (s)    cons_err=4.6653E-16
iter=    760  t=1.900E+01  CFL=2.819E-01  norm=3.0128E-04  wctime: 7.3E-03 (s)    cons_err=5.3238E-16
Writing solution file op_00019.bin.
iter=    780  t=1.950E+01  CFL=2.819E-01  norm=3.0128E-04  wctime: 7.4E-03 (s)    cons_err=8.5277E-16
iter=    800  t=2.000E+01  CFL=2.819E-01  norm=3.0128E-04  wctime: 7.3E-03 (s)    cons_err=1.0167E-15
Completed time integration (Final time: 20.000000), total wctime: 5.852587 (seconds).
Reading array from binary file exact.inp (Serial mode).
Writing solution file op_00020.bin.
libROM: Training ROM.
DMDROMObject::train() - training DMD object 0 with 800 samples.
Using 16 basis vectors out of 799.
libROM: total training wallclock time: 5.253873 (seconds).
libROM: Predicting solution at time 0.0000e+00 using ROM.
libROM:   wallclock time: 0.013751 (seconds).
Writing solution file op_rom_00000.bin.
libROM: Predicting solution at time 1.0000e+00 using ROM.
libROM:   wallclock time: 0.013635 (seconds).
Writing solution file op_rom_00001.bin.
libROM: Predicting solution at time 2.0000e+00 using ROM.
libROM:   wallclock time: 0.013599 (seconds).
Writing solution file op_rom_00002.bin.
libROM: Predicting solution at time 3.0000e+00 using ROM.
libROM:   wallclock time: 0.013555 (seconds).
Writing solution file op_rom_00003.bin.
libROM: Predicting solution at time 4.0000e+00 using ROM.
libROM:   wallclock time: 0.013559 (seconds).
Writing solution file op_rom_00004.bin.
libROM: Predicting solution at time 5.0000e+00 using ROM.
libROM:   wallclock time: 0.013557 (seconds).
Writing solution file op_rom_00005.bin.
libROM: Predicting solution at time 6.0000e+00 using ROM.
libROM:   wallclock time: 0.013576 (seconds).
Writing solution file op_rom_00006.bin.
libROM: Predicting solution at time 7.0000e+00 using ROM.
libROM:   wallclock time: 0.013567 (seconds).
Writing solution file op_rom_00007.bin.
libROM: Predicting solution at time 8.0000e+00 using ROM.
libROM:   wallclock time: 0.013559 (seconds).
Writing solution file op_rom_00008.bin.
libROM: Predicting solution at time 9.0000e+00 using ROM.
libROM:   wallclock time: 0.013639 (seconds).
Writing solution file op_rom_00009.bin.
libROM: Predicting solution at time 1.0000e+01 using ROM.
libROM:   wallclock time: 0.013553 (seconds).
Writing solution file op_rom_00010.bin.
libROM: Predicting solution at time 1.1000e+01 using ROM.
libROM:   wallclock time: 0.013556 (seconds).
Writing solution file op_rom_00011.bin.
libROM: Predicting solution at time 1.2000e+01 using ROM.
libROM:   wallclock time: 0.013559 (seconds).
Writing solution file op_rom_00012.bin.
libROM: Predicting solution at time 1.3000e+01 using ROM.
libROM:   wallclock time: 0.013558 (seconds).
Writing solution file op_rom_00013.bin.
libROM: Predicting solution at time 1.4000e+01 using ROM.
libROM:   wallclock time: 0.013564 (seconds).
Writing solution file op_rom_00014.bin.
libROM: Predicting solution at time 1.5000e+01 using ROM.
libROM:   wallclock time: 0.013554 (seconds).
Writing solution file op_rom_00015.bin.
libROM: Predicting solution at time 1.6000e+01 using ROM.
libROM:   wallclock time: 0.013560 (seconds).
Writing solution file op_rom_00016.bin.
libROM: Predicting solution at time 1.7000e+01 using ROM.
libROM:   wallclock time: 0.013558 (seconds).
Writing solution file op_rom_00017.bin.
libROM: Predicting solution at time 1.8000e+01 using ROM.
libROM:   wallclock time: 0.013559 (seconds).
Writing solution file op_rom_00018.bin.
libROM: Predicting solution at time 1.9000e+01 using ROM.
libROM:   wallclock time: 0.013564 (seconds).
Writing solution file op_rom_00019.bin.
libROM: Predicting solution at time 2.0000e+01 using ROM.
libROM:   wallclock time: 0.013560 (seconds).
libROM:   Calculating diff between PDE and ROM solutions.
Writing solution file op_rom_00020.bin.
libROM: total prediction/query wallclock time: 0.285142 (seconds).
libROMInterface::saveROM() - saving ROM objects.
  Saving DMD object with filename root DMD/dmdobj_0000.
Computed errors for domain 0:
  L1         Error           : 3.0047927793460564E-07
  L2         Error           : 6.4307899972723579E-07
  Linfinity  Error           : 4.2305441628791654E-06
Conservation Errors:
	2.8427194725970949E-16
	2.8427194181488523E-16
	9.0834458010835561E-16
	2.1658175989804090E-16
Norms of the diff between ROM and PDE solutions for domain 0:
  L1         Norm            : 1.5215990100709741E-06
  L2         Norm            : 4.0657029052378237E-06
  Linfinity  Norm            : 2.1594369212267493E-05
Solver runtime (in seconds): 1.3170622000000000E+01
Total  runtime (in seconds): 1.3922789000000000E+01
Deallocating arrays.
Finished.
