HyPar - Parallel (MPI) version with 1 processes
Allocated simulation object(s).
Reading solver inputs from file "solver.inp".
  No. of dimensions                          : 3
  No. of variables                           : 5
  Domain size                                : 64 64 64 
  Processes along each dimension             : 1 1 1 
  Exact solution domain size                 : 64 64 64 
  No. of ghosts pts                          : 3
  No. of iter.                               : 8000
  Restart iteration                          : 0
  Time integration scheme                    : rk (44)
  Spatial discretization scheme (hyperbolic) : weno5
  Split hyperbolic flux term?                : no
  Interpolation type for hyperbolic term     : components
  Spatial discretization type   (parabolic ) : nonconservative-1stage
  Spatial discretization scheme (parabolic ) : 2
  Time Step                                  : 2.500000E-02
  Check for conservation                     : no
  Screen output iterations                   : 100
  File output iterations                     : 500
  Initial solution file type                 : binary
  Initial solution read mode                 : parallel  [1 file IO rank(s)]
  Solution file write mode                   : serial
  Solution file format                       : binary
  Overwrite solution file                    : no
  Use GPU                                    : yes
  GPU device no                              : -1
  Physical model                             : navierstokes3d
Partitioning domain and allocating data arrays.
Reading from binary file initial_par.inp.xxx (parallel mode).
Volume integral of the initial solution:
 0:  1.1686650873137891E+09
 1:  0.0000000000000000E+00
 2:  0.0000000000000000E+00
 3:  0.0000000000000000E+00
 4:  2.4758406164999706E+14
Reading boundary conditions from boundary.inp.
  Boundary                      slip-wall:  Along dimension  0 and face +1
  Boundary                      slip-wall:  Along dimension  0 and face -1
  Boundary                      slip-wall:  Along dimension  1 and face +1
  Boundary                      slip-wall:  Along dimension  1 and face -1
  Boundary                      slip-wall:  Along dimension  2 and face +1
  Boundary                      slip-wall:  Along dimension  2 and face -1
6 boundary condition(s) read.
Initializing solvers.
Reading WENO parameters from weno.inp.
Initializing physics. Model = "navierstokes3d"
Reading physical model inputs from file "physics.inp".
Setting up time integration.
Solving in time (from 0 to 8000 iterations)
Writing solution file op_00000.bin.
iter=    100  t=2.500E+00  wctime: 2.1E-02 (s)  
iter=    200  t=5.000E+00  wctime: 2.1E-02 (s)  
iter=    300  t=7.500E+00  wctime: 2.1E-02 (s)  
iter=    400  t=1.000E+01  wctime: 2.1E-02 (s)  
iter=    500  t=1.250E+01  wctime: 2.1E-02 (s)  
Writing solution file op_00001.bin.
iter=    600  t=1.500E+01  wctime: 2.1E-02 (s)  
iter=    700  t=1.750E+01  wctime: 2.1E-02 (s)  
iter=    800  t=2.000E+01  wctime: 2.1E-02 (s)  
iter=    900  t=2.250E+01  wctime: 2.1E-02 (s)  
iter=   1000  t=2.500E+01  wctime: 2.1E-02 (s)  
Writing solution file op_00002.bin.
iter=   1100  t=2.750E+01  wctime: 2.1E-02 (s)  
iter=   1200  t=3.000E+01  wctime: 2.1E-02 (s)  
iter=   1300  t=3.250E+01  wctime: 2.1E-02 (s)  
iter=   1400  t=3.500E+01  wctime: 2.1E-02 (s)  
iter=   1500  t=3.750E+01  wctime: 2.1E-02 (s)  
Writing solution file op_00003.bin.
iter=   1600  t=4.000E+01  wctime: 2.1E-02 (s)  
iter=   1700  t=4.250E+01  wctime: 2.1E-02 (s)  
iter=   1800  t=4.500E+01  wctime: 2.1E-02 (s)  
iter=   1900  t=4.750E+01  wctime: 2.1E-02 (s)  
iter=   2000  t=5.000E+01  wctime: 2.1E-02 (s)  
Writing solution file op_00004.bin.
iter=   2100  t=5.250E+01  wctime: 2.1E-02 (s)  
iter=   2200  t=5.500E+01  wctime: 2.1E-02 (s)  
iter=   2300  t=5.750E+01  wctime: 2.1E-02 (s)  
iter=   2400  t=6.000E+01  wctime: 2.1E-02 (s)  
iter=   2500  t=6.250E+01  wctime: 2.1E-02 (s)  
Writing solution file op_00005.bin.
iter=   2600  t=6.500E+01  wctime: 2.1E-02 (s)  
iter=   2700  t=6.750E+01  wctime: 2.1E-02 (s)  
iter=   2800  t=7.000E+01  wctime: 2.1E-02 (s)  
iter=   2900  t=7.250E+01  wctime: 2.1E-02 (s)  
iter=   3000  t=7.500E+01  wctime: 2.1E-02 (s)  
Writing solution file op_00006.bin.
iter=   3100  t=7.750E+01  wctime: 2.1E-02 (s)  
iter=   3200  t=8.000E+01  wctime: 2.1E-02 (s)  
iter=   3300  t=8.250E+01  wctime: 2.1E-02 (s)  
iter=   3400  t=8.500E+01  wctime: 2.1E-02 (s)  
iter=   3500  t=8.750E+01  wctime: 2.1E-02 (s)  
Writing solution file op_00007.bin.
iter=   3600  t=9.000E+01  wctime: 2.1E-02 (s)  
iter=   3700  t=9.250E+01  wctime: 2.1E-02 (s)  
iter=   3800  t=9.500E+01  wctime: 2.1E-02 (s)  
iter=   3900  t=9.750E+01  wctime: 2.1E-02 (s)  
iter=   4000  t=1.000E+02  wctime: 2.1E-02 (s)  
Writing solution file op_00008.bin.
iter=   4100  t=1.025E+02  wctime: 2.1E-02 (s)  
iter=   4200  t=1.050E+02  wctime: 2.1E-02 (s)  
iter=   4300  t=1.075E+02  wctime: 2.1E-02 (s)  
iter=   4400  t=1.100E+02  wctime: 2.1E-02 (s)  
iter=   4500  t=1.125E+02  wctime: 2.1E-02 (s)  
Writing solution file op_00009.bin.
iter=   4600  t=1.150E+02  wctime: 2.1E-02 (s)  
iter=   4700  t=1.175E+02  wctime: 2.1E-02 (s)  
iter=   4800  t=1.200E+02  wctime: 2.1E-02 (s)  
iter=   4900  t=1.225E+02  wctime: 2.1E-02 (s)  
iter=   5000  t=1.250E+02  wctime: 2.1E-02 (s)  
Writing solution file op_00010.bin.
iter=   5100  t=1.275E+02  wctime: 2.1E-02 (s)  
iter=   5200  t=1.300E+02  wctime: 2.1E-02 (s)  
iter=   5300  t=1.325E+02  wctime: 2.1E-02 (s)  
iter=   5400  t=1.350E+02  wctime: 2.1E-02 (s)  
iter=   5500  t=1.375E+02  wctime: 2.1E-02 (s)  
Writing solution file op_00011.bin.
iter=   5600  t=1.400E+02  wctime: 2.1E-02 (s)  
iter=   5700  t=1.425E+02  wctime: 2.1E-02 (s)  
iter=   5800  t=1.450E+02  wctime: 2.1E-02 (s)  
iter=   5900  t=1.475E+02  wctime: 2.1E-02 (s)  
iter=   6000  t=1.500E+02  wctime: 2.1E-02 (s)  
Writing solution file op_00012.bin.
iter=   6100  t=1.525E+02  wctime: 2.1E-02 (s)  
iter=   6200  t=1.550E+02  wctime: 2.1E-02 (s)  
iter=   6300  t=1.575E+02  wctime: 2.1E-02 (s)  
iter=   6400  t=1.600E+02  wctime: 2.1E-02 (s)  
iter=   6500  t=1.625E+02  wctime: 2.1E-02 (s)  
Writing solution file op_00013.bin.
iter=   6600  t=1.650E+02  wctime: 2.1E-02 (s)  
iter=   6700  t=1.675E+02  wctime: 2.1E-02 (s)  
iter=   6800  t=1.700E+02  wctime: 2.1E-02 (s)  
iter=   6900  t=1.725E+02  wctime: 2.1E-02 (s)  
iter=   7000  t=1.750E+02  wctime: 2.1E-02 (s)  
Writing solution file op_00014.bin.
iter=   7100  t=1.775E+02  wctime: 2.1E-02 (s)  
iter=   7200  t=1.800E+02  wctime: 2.1E-02 (s)  
iter=   7300  t=1.825E+02  wctime: 2.1E-02 (s)  
iter=   7400  t=1.850E+02  wctime: 2.1E-02 (s)  
iter=   7500  t=1.875E+02  wctime: 2.1E-02 (s)  
Writing solution file op_00015.bin.
iter=   7600  t=1.900E+02  wctime: 2.1E-02 (s)  
iter=   7700  t=1.925E+02  wctime: 2.1E-02 (s)  
iter=   7800  t=1.950E+02  wctime: 2.1E-02 (s)  
iter=   7900  t=1.975E+02  wctime: 2.1E-02 (s)  
iter=   8000  t=2.000E+02  wctime: 2.1E-02 (s)  
Completed time integration (Final time: 200.000000), total wctime: 169.173154 (seconds).
Writing solution file op_00016.bin.
Solver runtime (in seconds): 1.6979008400000001E+02
Total  runtime (in seconds): 1.7032046900000000E+02
Deallocating arrays.
Finished.
